[    0.000000] Initializing cgroup subsys cpuset
[    0.000000] Initializing cgroup subsys cpu
[    0.000000] Initializing cgroup subsys cpuacct
[    0.000000] Linux version 4.4.0-96-generic (buildd@lgw01-10) (gcc version 5.4.0 20160609 (Ubuntu 5.4.0-6ubuntu1~16.04.4) ) #119-Ubuntu SMP Tue Sep 12 14:59:54 UTC 2017 (Ubuntu 4.4.0-96.119-generic 4.4.83)
[    0.000000] Command line: BOOT_IMAGE=/boot/vmlinuz-4.4.0-96-generic root=LABEL=cloudimg-rootfs ro console=tty1 console=ttyS0
[    0.000000] KERNEL supported cpus:
[    0.000000]   Intel GenuineIntel
[    0.000000]   AMD AuthenticAMD
[    0.000000]   Centaur CentaurHauls
[    0.000000] x86/fpu: xstate_offset[2]:  576, xstate_sizes[2]:  256
[    0.000000] x86/fpu: Supporting XSAVE feature 0x01: 'x87 floating point registers'
[    0.000000] x86/fpu: Supporting XSAVE feature 0x02: 'SSE registers'
[    0.000000] x86/fpu: Supporting XSAVE feature 0x04: 'AVX registers'
[    0.000000] x86/fpu: Enabled xstate features 0x7, context size is 832 bytes, using 'standard' format.
[    0.000000] x86/fpu: Using 'lazy' FPU context switches.
[    0.000000] e820: BIOS-provided physical RAM map:
[    0.000000] BIOS-e820: [mem 0x0000000000000000-0x000000000009fbff] usable
[    0.000000] BIOS-e820: [mem 0x000000000009fc00-0x000000000009ffff] reserved
[    0.000000] BIOS-e820: [mem 0x00000000000f0000-0x00000000000fffff] reserved
[    0.000000] BIOS-e820: [mem 0x0000000000100000-0x000000007ffeffff] usable
[    0.000000] BIOS-e820: [mem 0x000000007fff0000-0x000000007fffffff] ACPI data
[    0.000000] BIOS-e820: [mem 0x00000000fec00000-0x00000000fec00fff] reserved
[    0.000000] BIOS-e820: [mem 0x00000000fee00000-0x00000000fee00fff] reserved
[    0.000000] BIOS-e820: [mem 0x00000000fffc0000-0x00000000ffffffff] reserved
[    0.000000] NX (Execute Disable) protection: active
[    0.000000] SMBIOS 2.5 present.
[    0.000000] Hypervisor detected: KVM
[    0.000000] e820: last_pfn = 0x7fff0 max_arch_pfn = 0x400000000
[    0.000000] MTRR: Disabled
[    0.000000] x86/PAT: MTRRs disabled, skipping PAT initialization too.
[    0.000000] CPU MTRRs all blank - virtualized system.
[    0.000000] x86/PAT: Configuration [0-7]: WB  WT  UC- UC  WB  WT  UC- UC  
[    0.000000] found SMP MP-table at [mem 0x0009fff0-0x0009ffff] mapped at [ffff88000009fff0]
[    0.000000] Scanning 1 areas for low memory corruption
[    0.000000] RAMDISK: [mem 0x36ae6000-0x3756afff]
[    0.000000] ACPI: Early table checksum verification disabled
[    0.000000] ACPI: RSDP 0x00000000000E0000 000024 (v02 VBOX  )
[    0.000000] ACPI: XSDT 0x000000007FFF0030 00003C (v01 VBOX   VBOXXSDT 00000001 ASL  00000061)
[    0.000000] ACPI: FACP 0x000000007FFF00F0 0000F4 (v04 VBOX   VBOXFACP 00000001 ASL  00000061)
[    0.000000] ACPI: DSDT 0x000000007FFF0470 0021FF (v02 VBOX   VBOXBIOS 00000002 INTL 20100528)
[    0.000000] ACPI: FACS 0x000000007FFF0200 000040
[    0.000000] ACPI: FACS 0x000000007FFF0200 000040
[    0.000000] ACPI: APIC 0x000000007FFF0240 00005C (v02 VBOX   VBOXAPIC 00000001 ASL  00000061)
[    0.000000] ACPI: SSDT 0x000000007FFF02A0 0001CC (v01 VBOX   VBOXCPUT 00000002 INTL 20100528)
[    0.000000] No NUMA configuration found
[    0.000000] Faking a node at [mem 0x0000000000000000-0x000000007ffeffff]
[    0.000000] NODE_DATA(0) allocated [mem 0x7ffeb000-0x7ffeffff]
[    0.000000] kvm-clock: Using msrs 4b564d01 and 4b564d00
[    0.000000] kvm-clock: cpu 0, msr 0:7ffe3001, primary cpu clock
[    0.000000] kvm-clock: using sched offset of 2914604419 cycles
[    0.000000] clocksource: kvm-clock: mask: 0xffffffffffffffff max_cycles: 0x1cd42e4dffb, max_idle_ns: 881590591483 ns
[    0.000000] Zone ranges:
[    0.000000]   DMA      [mem 0x0000000000001000-0x0000000000ffffff]
[    0.000000]   DMA32    [mem 0x0000000001000000-0x000000007ffeffff]
[    0.000000]   Normal   empty
[    0.000000]   Device   empty
[    0.000000] Movable zone start for each node
[    0.000000] Early memory node ranges
[    0.000000]   node   0: [mem 0x0000000000001000-0x000000000009efff]
[    0.000000]   node   0: [mem 0x0000000000100000-0x000000007ffeffff]
[    0.000000] Initmem setup node 0 [mem 0x0000000000001000-0x000000007ffeffff]
[    0.000000] ACPI: PM-Timer IO Port: 0x4008
[    0.000000] IOAPIC[0]: apic_id 2, version 32, address 0xfec00000, GSI 0-23
[    0.000000] ACPI: INT_SRC_OVR (bus 0 bus_irq 0 global_irq 2 dfl dfl)
[    0.000000] ACPI: INT_SRC_OVR (bus 0 bus_irq 9 global_irq 9 high level)
[    0.000000] Using ACPI (MADT) for SMP configuration information
[    0.000000] smpboot: Allowing 2 CPUs, 0 hotplug CPUs
[    0.000000] PM: Registered nosave memory: [mem 0x00000000-0x00000fff]
[    0.000000] PM: Registered nosave memory: [mem 0x0009f000-0x0009ffff]
[    0.000000] PM: Registered nosave memory: [mem 0x000a0000-0x000effff]
[    0.000000] PM: Registered nosave memory: [mem 0x000f0000-0x000fffff]
[    0.000000] e820: [mem 0x80000000-0xfebfffff] available for PCI devices
[    0.000000] Booting paravirtualized kernel on KVM
[    0.000000] clocksource: refined-jiffies: mask: 0xffffffff max_cycles: 0xffffffff, max_idle_ns: 7645519600211568 ns
[    0.000000] setup_percpu: NR_CPUS:512 nr_cpumask_bits:512 nr_cpu_ids:2 nr_node_ids:1
[    0.000000] PERCPU: Embedded 34 pages/cpu @ffff88007fc00000 s98328 r8192 d32744 u1048576
[    0.000000] PV qspinlock hash table entries: 256 (order: 0, 4096 bytes)
[    0.000000] Built 1 zonelists in Node order, mobility grouping on.  Total pages: 515961
[    0.000000] Policy zone: DMA32
[    0.000000] Kernel command line: BOOT_IMAGE=/boot/vmlinuz-4.4.0-96-generic root=LABEL=cloudimg-rootfs ro console=tty1 console=ttyS0
[    0.000000] PID hash table entries: 4096 (order: 3, 32768 bytes)
[    0.000000] Memory: 2033984K/2096696K available (8479K kernel code, 1294K rwdata, 3984K rodata, 1492K init, 1316K bss, 62712K reserved, 0K cma-reserved)
[    0.000000] SLUB: HWalign=64, Order=0-3, MinObjects=0, CPUs=2, Nodes=1
[    0.000000] Hierarchical RCU implementation.
[    0.000000] 	Build-time adjustment of leaf fanout to 64.
[    0.000000] 	RCU restricting CPUs from NR_CPUS=512 to nr_cpu_ids=2.
[    0.000000] RCU: Adjusting geometry for rcu_fanout_leaf=64, nr_cpu_ids=2
[    0.000000] NR_IRQS:33024 nr_irqs:440 16
[    0.000000] Console: colour VGA+ 80x25
[    0.000000] console [tty1] enabled
[    0.000000] console [ttyS0] enabled
[    0.000000] tsc: Detected 2494.226 MHz processor
[    8.657534] Calibrating delay loop (skipped) preset value.. 4988.45 BogoMIPS (lpj=9976904)
[    8.658867] pid_max: default: 32768 minimum: 301
[    8.659587] ACPI: Core revision 20150930
[    8.673386] ACPI: 2 ACPI AML tables successfully acquired and loaded
[    8.674424] Security Framework initialized
[    8.675090] Yama: becoming mindful.
[    8.675696] AppArmor: AppArmor initialized
[    8.677939] Dentry cache hash table entries: 262144 (order: 9, 2097152 bytes)
[    8.789986] Inode-cache hash table entries: 131072 (order: 8, 1048576 bytes)
[    8.842211] Mount-cache hash table entries: 4096 (order: 3, 32768 bytes)
[    8.945409] Mountpoint-cache hash table entries: 4096 (order: 3, 32768 bytes)
[    9.054456] Initializing cgroup subsys io
[    9.109415] Initializing cgroup subsys memory
[    9.169745] Initializing cgroup subsys devices
[    9.216994] Initializing cgroup subsys freezer
[    9.254476] Initializing cgroup subsys net_cls
[    9.329230] Initializing cgroup subsys perf_event
[    9.403120] Initializing cgroup subsys net_prio
[    9.469030] Initializing cgroup subsys hugetlb
[    9.530378] Initializing cgroup subsys pids
[    9.579643] CPU: Physical Processor ID: 0
[    9.612620] CPU: Processor Core ID: 0
[    9.615971] mce: CPU supports 0 MCE banks
[    9.638732] Last level iTLB entries: 4KB 1024, 2MB 1024, 4MB 1024
[    9.717595] Last level dTLB entries: 4KB 1024, 2MB 1024, 4MB 1024, 1GB 4
[    9.811250] Freeing SMP alternatives memory: 32K
[    9.864497] ftrace: allocating 32146 entries in 126 pages
[    9.949375] smpboot: APIC(0) Converting physical 0 to logical package 0
[   10.035788] smpboot: Max logical packages: 1
[   10.086350] x2apic enabled
[   10.121861] Switched APIC routing to physical x2apic.
[   10.200667] ..TIMER: vector=0x30 apic1=0 pin1=2 apic2=-1 pin2=-1
[   10.393244] smpboot: CPU0: Intel(R) Core(TM) i7-4870HQ CPU @ 2.50GHz (family: 0x6, model: 0x46, stepping: 0x1)
[   10.509985] Performance Events: unsupported p6 CPU model 70 no PMU driver, software events only.
[   10.539294] KVM setup paravirtual spinlock
[   10.592880] x86: Booting SMP configuration:
[   10.654026] .... node  #0, CPUs:      #1
[   10.715556] kvm-clock: cpu 1, msr 0:7ffe3041, secondary cpu clock
[   10.800347] mce: CPU supports 0 MCE banks
[   10.821598] x86: Booted up 1 node, 2 CPUs
[   10.867486] smpboot: Total of 2 processors activated (9976.90 BogoMIPS)
[   10.978043] devtmpfs: initialized
[   11.012461] evm: security.selinux
[   11.065260] evm: security.SMACK64
[   11.126335] evm: security.SMACK64EXEC
[   11.210225] evm: security.SMACK64TRANSMUTE
[   11.268708] evm: security.SMACK64MMAP
[   11.311337] evm: security.ima
[   11.318142] evm: security.capability
[   11.347556] clocksource: jiffies: mask: 0xffffffff max_cycles: 0xffffffff, max_idle_ns: 7645041785100000 ns
[   11.419804] futex hash table entries: 512 (order: 3, 32768 bytes)
[   11.484198] pinctrl core: initialized pinctrl subsystem
[   11.594251] RTC time:  9:39:09, date: 03/23/18
[   11.686161] NET: Registered protocol family 16
[   11.765501] cpuidle: using governor ladder
[   11.865501] cpuidle: using governor menu
[   11.954736] PCCT header not found.
[   12.040564] ACPI: bus type PCI registered
[   12.148987] acpiphp: ACPI Hot Plug PCI Controller Driver version: 0.5
[   12.259845] PCI: Using configuration type 1 for base access
[   12.375194] ACPI: Added _OSI(Module Device)
[   12.479063] ACPI: Added _OSI(Processor Device)
[   12.518905] ACPI: Added _OSI(3.0 _SCP Extensions)
[   12.592976] ACPI: Added _OSI(Processor Aggregator Device)
[   12.610733] ACPI: Executed 1 blocks of module-level executable AML code
[   12.695537] ACPI: Interpreter enabled
[   12.703166] ACPI: (supports S0 S5)
[   12.742255] ACPI: Using IOAPIC for interrupt routing
[   12.778526] PCI: Using host bridge windows from ACPI; if necessary, use "pci=nocrs" and report a bug
[   12.879312] ACPI: PCI Root Bridge [PCI0] (domain 0000 [bus 00-ff])
[   12.975737] acpi PNP0A03:00: _OSC: OS supports [ASPM ClockPM Segments MSI]
[   13.087776] acpi PNP0A03:00: _OSC: not requesting OS control; OS requires [ExtendedConfig ASPM ClockPM MSI]
[   13.143823] acpi PNP0A03:00: fail to add MMCONFIG information, can't access extended PCI configuration space under this bridge.
[   13.388208] PCI host bridge to bus 0000:00
[   13.462548] pci_bus 0000:00: root bus resource [io  0x0000-0x0cf7 window]
[   13.516156] pci_bus 0000:00: root bus resource [io  0x0d00-0xffff window]
[   13.550150] pci_bus 0000:00: root bus resource [mem 0x000a0000-0x000bffff window]
[   13.613217] pci_bus 0000:00: root bus resource [mem 0x80000000-0xffdfffff window]
[   13.779624] pci_bus 0000:00: root bus resource [bus 00-ff]
[   13.918498] pci 0000:00:01.1: legacy IDE quirk: reg 0x10: [io  0x01f0-0x01f7]
[   14.027860] pci 0000:00:01.1: legacy IDE quirk: reg 0x14: [io  0x03f6]
[   14.029042] pci 0000:00:01.1: legacy IDE quirk: reg 0x18: [io  0x0170-0x0177]
[   14.172139] pci 0000:00:01.1: legacy IDE quirk: reg 0x1c: [io  0x0376]
[   14.289693] pci 0000:00:07.0: quirk: [io  0x4000-0x403f] claimed by PIIX4 ACPI
[   14.404127] pci 0000:00:07.0: quirk: [io  0x4100-0x410f] claimed by PIIX4 SMB
[   14.525957] ACPI: PCI Interrupt Link [LNKA] (IRQs 5 9 10 *11)
[   14.615904] ACPI: PCI Interrupt Link [LNKB] (IRQs 5 9 10 *11)
[   14.690711] ACPI: PCI Interrupt Link [LNKC] (IRQs 5 9 *10 11)
[   14.737409] ACPI: PCI Interrupt Link [LNKD] (IRQs 5 *9 10 11)
[   14.847912] ACPI: Enabled 2 GPEs in block 00 to 07
[   14.959257] vgaarb: setting as boot device: PCI:0000:00:02.0
[   15.079648] vgaarb: device added: PCI:0000:00:02.0,decodes=io+mem,owns=io+mem,locks=none
[   15.224199] vgaarb: loaded
[   15.270285] vgaarb: bridge control possible 0000:00:02.0
[   15.351564] SCSI subsystem initialized
[   15.437270] ACPI: bus type USB registered
[   15.528932] usbcore: registered new interface driver usbfs
[   15.655271] usbcore: registered new interface driver hub
[   15.766722] usbcore: registered new device driver usb
[   15.813713] PCI: Using ACPI for IRQ routing
[   15.814630] NetLabel: Initializing
[   15.818598] NetLabel:  domain hash size = 128
[   15.922689] NetLabel:  protocols = UNLABELED CIPSOv4
[   16.036644] NetLabel:  unlabeled traffic allowed by default
[   16.170520] amd_nb: Cannot enumerate AMD northbridges
[   16.276436] clocksource: Switched to clocksource kvm-clock
[   16.359853] AppArmor: AppArmor Filesystem Enabled
[   16.487603] pnp: PnP ACPI init
[   16.574754] pnp: PnP ACPI: found 3 devices
[   16.702510] clocksource: acpi_pm: mask: 0xffffff max_cycles: 0xffffff, max_idle_ns: 2085701024 ns
[   16.886030] NET: Registered protocol family 2
[   16.982880] TCP established hash table entries: 16384 (order: 5, 131072 bytes)
[   17.174137] TCP bind hash table entries: 16384 (order: 6, 262144 bytes)
[   17.338256] TCP: Hash tables configured (established 16384 bind 16384)
[   17.501081] UDP hash table entries: 1024 (order: 3, 32768 bytes)
[   17.637859] UDP-Lite hash table entries: 1024 (order: 3, 32768 bytes)
[   17.809701] NET: Registered protocol family 1
[   17.912428] pci 0000:00:00.0: Limiting direct PCI/PCI transfers
[   18.008473] pci 0000:00:01.0: Activating ISA DMA hang workarounds
[   18.124174] Unpacking initramfs...
[   19.874534] Freeing initrd memory: 10772K
[   19.928984] platform rtc_cmos: registered platform RTC device (no PNP device found)
[   19.971613] Scanning for low memory corruption every 60 seconds
[   19.972896] audit: initializing netlink subsys (disabled)
[   19.991985] audit: type=2000 audit(1521797946.348:1): initialized
[   20.001441] Initialise system trusted keyring
[   20.043628] HugeTLB registered 2 MB page size, pre-allocated 0 pages
[   20.082166] zbud: loaded
[   20.089114] VFS: Disk quotas dquot_6.6.0
[   20.141417] VFS: Dquot-cache hash table entries: 512 (order 0, 4096 bytes)
[   20.236659] squashfs: version 4.0 (2009/01/31) Phillip Lougher
[   20.319793] fuse init (API version 7.23)
[   20.361847] Key type big_key registered
[   20.381924] Allocating IMA MOK and blacklist keyrings.
[   20.431253] Key type asymmetric registered
[   20.463909] Asymmetric key parser 'x509' registered
[   20.510247] Block layer SCSI generic (bsg) driver version 0.4 loaded (major 249)
[   20.539150] io scheduler noop registered
[   20.576868] io scheduler deadline registered (default)
[   20.587070] io scheduler cfq registered
[   20.618342] pci_hotplug: PCI Hot Plug PCI Core version: 0.5
[   20.689100] pciehp: PCI Express Hot Plug Controller Driver version: 0.4
[   20.755246] ACPI: AC Adapter [AC] (on-line)
[   20.812335] input: Power Button as /devices/LNXSYSTM:00/LNXPWRBN:00/input/input0
[   20.864737] ACPI: Power Button [PWRF]
[   20.874461] input: Sleep Button as /devices/LNXSYSTM:00/LNXSLPBN:00/input/input1
[   20.936118] tsc: Refined TSC clocksource calibration: 2492.736 MHz
[   20.967650] clocksource: tsc: mask: 0xffffffffffffffff max_cycles: 0x23ee6bf3832, max_idle_ns: 440795284332 ns
[   20.967675] ACPI: Sleep Button [SLPF]
 ÿ[   21.147019] GHES: HEST is not enabled!
[   21.148161] ACPI: Battery Slot [BAT0] (battery present)
[   21.148214] Serial: 8250/16550 driver, 32 ports, IRQ sharing enabled
[   21.236412] 00:02: ttyS0 at I/O 0x3f8 (irq = 4, base_baud = 115200) is a 16550A
[   21.282396] Linux agpgart interface v0.103
[   21.312128] loop: module loaded
[   21.312723] scsi host0: ata_piix
[   21.312788] scsi host1: ata_piix
[   21.312826] ata1: PATA max UDMA/33 cmd 0x1f0 ctl 0x3f6 bmdma 0xd000 irq 14
[   21.312827] ata2: PATA max UDMA/33 cmd 0x170 ctl 0x376 bmdma 0xd008 irq 15
[   21.312893] libphy: Fixed MDIO Bus: probed
[   21.312895] tun: Universal TUN/TAP device driver, 1.6
[   21.312895] tun: (C) 1999-2004 Max Krasnyansky <maxk@qualcomm.com>
[   21.313346] PPP generic driver version 2.4.2
[   21.313421] ehci_hcd: USB 2.0 'Enhanced' Host Controller (EHCI) Driver
[   21.313426] ehci-pci: EHCI PCI platform driver
[   21.313448] ehci-platform: EHCI generic platform driver
[   21.313459] ohci_hcd: USB 1.1 'Open' Host Controller (OHCI) Driver
[   21.313463] ohci-pci: OHCI PCI platform driver
[   21.313473] ohci-platform: OHCI generic platform driver
[   21.313482] uhci_hcd: USB Universal Host Controller Interface driver
[   21.313615] i8042: PNP: PS/2 Controller [PNP0303:PS2K,PNP0f03:PS2M] at 0x60,0x64 irq 1,12
[   21.365231] serio: i8042 KBD port at 0x60,0x64 irq 1
[   21.365237] serio: i8042 AUX port at 0x60,0x64 irq 12
[   21.365363] mousedev: PS/2 mouse device common for all mice
[   21.365619] rtc_cmos rtc_cmos: rtc core: registered rtc_cmos as rtc0
[   21.365662] rtc_cmos rtc_cmos: alarms up to one day, 114 bytes nvram
[   21.365667] i2c /dev entries driver
[   21.365717] device-mapper: uevent: version 1.0.3
[   21.365759] device-mapper: ioctl: 4.34.0-ioctl (2015-10-28) initialised: dm-devel@redhat.com
[   21.365773] ledtrig-cpu: registered to indicate activity on CPUs
[   21.365979] NET: Registered protocol family 10
[   21.366110] NET: Registered protocol family 17
[   21.366117] Key type dns_resolver registered
[   21.367576] microcode: CPU0 sig=0x40661, pf=0x40, revision=0x0
[   21.367587] microcode: CPU1 sig=0x40661, pf=0x40, revision=0x0
[   21.367668] microcode: Microcode Update Driver: v2.01 <tigran@aivazian.fsnet.co.uk>, Peter Oruba
[   21.367767] registered taskstats version 1
[   21.367781] Loading compiled-in X.509 certificates
[   21.368313] Loaded X.509 cert 'Build time autogenerated kernel key: b1a6ea8776bed2812c00d8a799f968274ef48628'
[   21.368326] zswap: loaded using pool lzo/zbud
[   21.369613] Key type trusted registered
[   21.371272] Key type encrypted registered
[   21.371277] AppArmor: AppArmor sha1 policy hashing enabled
[   21.371279] ima: No TPM chip found, activating TPM-bypass!
[   21.371293] evm: HMAC attrs: 0x1
[   21.371488]   Magic number: 10:794:677
[   21.426189] rtc_cmos rtc_cmos: setting system clock to 2018-03-23 09:39:19 UTC (1521797959)
[   21.426333] BIOS EDD facility v0.16 2004-Jun-25, 0 devices found
[   21.426334] EDD information not available.
[   21.509554] input: AT Translated Set 2 keyboard as /devices/platform/i8042/serio0/input/input2
[   22.656150] Freeing unused kernel memory: 1492K
[   22.662443] Write protecting the kernel read-only data: 14336k
[   22.694279] Freeing unused kernel memory: 1748K
[   22.731132] Freeing unused kernel memory: 112K
Loading, please [   22.777922] random: systemd-udevd: uninitialized urandom read (16 bytes read, 3 bits of entropy available)
wait...
startin[   22.778421] random: udevadm: uninitialized urandom read (16 bytes read, 3 bits of entropy available)
g version 229
[   22.778448] random: udevadm: uninitialized urandom read (16 bytes read, 3 bits of entropy available)
[   22.778554] random: udevadm: uninitialized urandom read (16 bytes read, 3 bits of entropy available)
[   22.778587] random: udevadm: uninitialized urandom read (16 bytes read, 3 bits of entropy available)
[   22.778618] random: udevadm: uninitialized urandom read (16 bytes read, 3 bits of entropy available)
[   22.778651] random: udevadm: uninitialized urandom read (16 bytes read, 3 bits of entropy available)
[   22.778680] random: udevadm: uninitialized urandom read (16 bytes read, 3 bits of entropy available)
[   22.778708] random: udevadm: uninitialized urandom read (16 bytes read, 3 bits of entropy available)
[   22.778739] random: udevadm: uninitialized urandom read (16 bytes read, 3 bits of entropy available)
[   24.683827] e1000: Intel(R) PRO/1000 Network Driver - version 7.3.21-k8-NAPI
[   24.847887] e1000: Copyright (c) 1999-2006 Intel Corporation.
[   25.012295] AVX version of gcm_enc/dec engaged.
[   25.013349] Fusion MPT base driver 3.04.20
[   25.013349] Copyright (c) 1999-2008 LSI Corporation
[   25.484648] AES CTR mode by8 optimization enabled
[   25.627281] input: ImExPS/2 Generic Explorer Mouse as /devices/platform/i8042/serio1/input/input4
[   25.657895] Fusion MPT SPI Host driver 3.04.20
[   25.972271] e1000 0000:00:03.0 eth0: (PCI:33MHz:32-bit) 02:d3:33:50:ae:ce
[   26.234077] e1000 0000:00:03.0 eth0: Intel(R) PRO/1000 Network Connection
[   26.513966] e1000 0000:00:03.0 enp0s3: renamed from eth0
[   26.652897] mptbase: ioc0: Initiating bringup
[   26.797425] ioc0: LSI53C1030 A0: Capabilities={Initiator}
[   27.106410] scsi host2: ioc0: LSI53C1030 A0, FwRev=00000000h, Ports=1, MaxQ=256, IRQ=20
[   27.433784] scsi 2:0:0:0: Direct-Access     VBOX     HARDDISK         1.0  PQ: 0 ANSI: 5
[   27.770988] scsi target2:0:0: Beginning Domain Validation
[   27.831069] scsi target2:0:0: Domain Validation skipping write tests
[   27.869939] scsi target2:0:0: Ending Domain Validation
[   27.870014] floppy0: no floppy controllers found
[   27.949853] scsi target2:0:0: asynchronous
[   27.969320] scsi 2:0:1:0: Direct-Access     VBOX     HARDDISK         1.0  PQ: 0 ANSI: 5
[   27.996579] scsi target2:0:1: Beginning Domain Validation
[   27.998878] scsi target2:0:1: Domain Validation skipping write tests
[   28.233947] scsi target2:0:1: Ending Domain Validation
[   28.433636] scsi target2:0:1: asynchronous
[   28.591723] sd 2:0:0:0: Attached scsi generic sg0 type 0
[   28.591897] sd 2:0:0:0: [sda] 20971520 512-byte logical blocks: (10.7 GB/10.0 GiB)
[   28.591979] sd 2:0:0:0: [sda] Write Protect is off
[   28.592034] sd 2:0:0:0: [sda] Incomplete mode parameter data
[   28.592034] sd 2:0:0:0: [sda] Assuming drive cache: write through
[   28.838175]  sda: sda1
[   28.838730] sd 2:0:0:0: [sda] Attached SCSI disk
[   29.726802] sd 2:0:1:0: Attached scsi generic sg1 type 0
[   29.726947] sd 2:0:1:0: [sdb] 20480 512-byte logical blocks: (10.5 MB/10.0 MiB)
[   29.727262] sd 2:0:1:0: [sdb] Write Protect is off
[   29.727478] sd 2:0:1:0: [sdb] Incomplete mode parameter data
[   29.727479] sd 2:0:1:0: [sdb] Assuming drive cache: write through
[   29.729269] sd 2:0:1:0: [sdb] Attached SCSI disk
Begin: Loading e[   31.364998] md: linear personality registered for level -1
ssential drivers[   31.495994] md: multipath personality registered for level -4
 ... [   31.660538] md: raid0 personality registered for level 0
[   31.734057] md: raid1 personality registered for level 1
[   31.936768] raid6: sse2x1   gen() 10306 MB/s
[   32.096630] raid6: sse2x1   xor()  8041 MB/s
[   32.244753] raid6: sse2x2   gen() 12894 MB/s
[   32.412563] raid6: sse2x2   xor()  9513 MB/s
[   32.592597] raid6: sse2x4   gen() 15539 MB/s
[   32.748936] raid6: sse2x4   xor() 10623 MB/s
[   32.859903] raid6: using algorithm sse2x4 gen() 15539 MB/s
[   32.988226] raid6: .... xor() 10623 MB/s, rmw enabled
[   33.117321] raid6: using ssse3x2 recovery algorithm
[   33.246491] xor: automatically using best checksumming function:
[   33.324784]    avx       : 29063.000 MB/sec
[   33.498599] async_tx: api initialized (async)
[   33.599371] md: raid6 personality registered for level 6
[   33.750197] md: raid5 personality registered for level 5
[   33.877842] md: raid4 personality registered for level 4
[   33.998770] md: raid10 personality registered for level 10
done.
Begin: Running /scripts/init-p[   34.175905] Btrfs loaded
remount ... done.
Begin: Mounting root file sys[   34.267440] EXT4-fs (sda1): mounted filesystem with ordered data mode. Opts: (null)
tem ... Begin: Running /scripts/local-top ... done.
Begin: Running /scripts/local-premount ... Scanning for Btrfs filesystems
done.
Warning: fsck not present, so skipping root file system
done.
Begin: Running /scripts/local-bottom ... done.
Begin: Running /scripts/init-bottom ... done.
[   34.561353] systemd[1]: systemd 229 running in system mode. (+PAM +AUDIT +SELINUX +IMA +APPARMOR +SMACK +SYSVINIT +UTMP +LIBCRYPTSETUP +GCRYPT +GNUTLS +ACL +XZ -LZ4 +SECCOMP +BLKID +ELFUTILS +KMOD -IDN)
[   34.988535] systemd[1]: Detected virtualization oracle.
[   35.118435] systemd[1]: Detected architecture x86-64.

Welcome to [1mUbuntu 16.04.3 LTS[0m!

[   35.297113] systemd[1]: Set hostname to <ubuntu>.
[   35.378459] systemd[1]: Initializing machine ID from random generator.
[   35.379461] systemd[1]: Installed transient /etc/machine-id file.
[   35.467400] systemd[1]: Set up automount Arbitrary Executable File Formats File System Automount Point.
[[0;32m  OK  [0m] Set up automount Arbitrary Executab...ats File System Automount Point.
[   35.637029] systemd[1]: Started Trigger resolvconf update for networkd DNS.
[[0;32m  OK  [0m] Started Trigger resolvconf update for networkd DNS.
[   35.781061] systemd[1]: Reached target User and Group Name Lookups.
[[0;32m  OK  [0m] Reached target User and Group Name Lookups.
[   35.820833] systemd[1]: Listening on Syslog Socket.
[[0;32m  OK  [0m] Listening on Syslog Socket.
[   36.000954] systemd[1]: Listening on Journal Socket.
[[0;32m  OK  [0m] Listening on Journal Socket.
[   36.156958] systemd[1]: Listening on udev Control Socket.
[[0;32m  OK  [0m] Listening on udev Control Socket.
[   36.337067] systemd[1]: Listening on Journal Audit Socket.
[[0;32m  OK  [0m] Listening on Journal Audit Socket.
[   36.536731] systemd[1]: Reached target Swap.
[[0;32m  OK  [0m] Reached target Swap.
[   36.657326] systemd[1]: Listening on udev Kernel Socket.
[[0;32m  OK  [0m] Listening on udev Kernel Socket.
[   36.836964] systemd[1]: Listening on Device-mapper event daemon FIFOs.
[[0;32m  OK  [0m] Listening on Device-mapper event daemon FIFOs.
[   37.081056] systemd[1]: Listening on LVM2 poll daemon socket.
[[0;32m  OK  [0m] Listening on LVM2 poll daemon socket.
[   37.276981] systemd[1]: Reached target Encrypted Volumes.
[[0;32m  OK  [0m] Reached target Encrypted Volumes.
[   37.465405] systemd[1]: Created slice System Slice.
[[0;32m  OK  [0m] Created slice System Slice.
[   37.578257] systemd[1]: Created slice system-serial\x2dgetty.slice.
[[0;32m  OK  [0m] Created slice system-serial\x2dgetty.slice.
[   37.760787] systemd[1]: Mounting POSIX Message Queue File System...
         Mounting POSIX Message Queue File System...
[   37.976699] systemd[1]: Mounting Debug File System...
         Mounting Debug File System...
[   38.160956] systemd[1]: Starting Nameserver information manager...
         Starting Nameserver information manager...
[   38.308388] random: nonblocking pool is initialized
[   38.427105] systemd[1]: Starting Load Kernel Modules...
         [   38.514600] Loading iSCSI transport class v2.0-870.
Starting Load Ke[   38.702431] iscsi: registered transport (tcp)
rnel Modules...
[   38.759805] systemd[1]: Listening on LVM2 metadata daemon socket.
[[0;32m  OK  [0[   38.912658] iscsi: registered transport (iser)
m] Listening on LVM2 metadata daemon socket.
[   39.076952] systemd[1]: Starting Monitoring of LVM2 mirrors, snapshots etc. using dmeventd or progress polling...
         Starting Monitoring of LVM2 mirrors... dmeventd or progress polling...
[   39.396978] systemd[1]: Listening on Journal Socket (/dev/log).
[[0;32m  OK  [0m] Listening on Journal Socket (/dev/log).
[   39.613241] systemd[1]: Starting Journal Service...
         Starting Journal Service...
[   39.781053] systemd[1]: Started Forward Password Requests to Wall Directory Watch.
[[0;32m  OK  [0m] Started Forward Password Requests to Wall Directory Watch.
[   39.973252] systemd[1]: Created slice User and Session Slice.
[[0;32m  OK  [0m] Created slice User and Session Slice.
[   40.192940] systemd[1]: Reached target Slices.
[[0;32m  OK  [0m] Reached target Slices.
[   40.357322] systemd[1]: Starting Uncomplicated firewall...
         Starting Uncomplicated firewall...
[   40.561000] systemd[1]: Starting Set console keymap...
         Starting Set console keymap...
[   40.673433] systemd[1]: Listening on /dev/initctl Compatibility Named Pipe.
[[0;32m  OK  [0m] Listening on /dev/initctl Compatibility Named Pipe.
[   40.728845] systemd[1]: Starting Remount Root and Kernel File Systems...
[   40.731436] EXT4-fs (sda1): re-mounted. Opts: (null)
         Starting Remount Root and Kernel File Systems...
[   40.972974] systemd[1]: Mounting Huge Pages File System...
         Mounting Huge Pages File System...
[   41.145109] systemd[1]: Starting Create list of required static device nodes for the current kernel...
         Starting Create list of required st... nodes for the current kernel...
[   41.413593] systemd[1]: Mounted POSIX Message Queue File System.
[[0;32m  OK  [0m] Mounted POSIX Message Queue File System.
[   41.572786] systemd[1]: Mounted Huge Pages File System.
[[0;32m  OK  [0m] Mounted Huge Pages File System.
[   41.681131] systemd[1]: Mounted Debug File System.
[[0;32m  OK  [0m] Mounted Debug File System.
[   41.881297] systemd[1]: Started Journal Service.
[[0;32m  OK  [0m] Started Journal Service.
[[0;32m  OK  [0m] Started Load Kernel Modules.
[[0;32m  OK  [0m] Started Uncomplicated firewall.
[[0;32m  OK  [0m] Started Set console keymap.
[[0;32m  OK  [0m] Started Remount Root and Kernel File Systems.
[[0;32m  OK  [0m] Started Create list of required sta...ce nodes for the current kernel.
[[0;32m  OK  [0m] Started Nameserver information manager.
[[0;32m  OK  [0m] Started LVM2 metadata daemon.
         Starting Create Static Device Nodes in /dev...
         Starting Load/Save Random Seed...
         Starting Initial cloud-init job (pre-networking)...
         Starting udev Coldplug all Devices...
         Mounting FUSE Control File System...
         Starting Apply Kernel Variables...
         Starting Flush Journal to Persistent Storage...
[[0;32m  OK  [0m] Mounted FUSE Control File System.
[[0;32m  OK  [0m] Started Monitoring of LVM2 mirrors,...ng dmeventd or progress polling.
[[0;32m  OK  [0m] Started Create Static Device Nodes in /dev.
[[0;32m  OK  [0m] Started Load/Save Random Seed.
[[0;32m  OK  [0m] Started Apply Kernel Variables.
[[0;32m  OK  [0m] Started udev Coldplug all Devices.
[   27.379074] cloud-init[443]: Cloud-init v. 0.7.9 running 'init-local' at Fri, 23 Mar 2018 09:39:40 +0000. Up 27.20 seconds.
         Starting udev Kernel Device Manager...
[[0;32m  OK  [0m] Started udev Kernel Device Manager.
[[0;32m  OK  [0m] Started Flush Journal to Persistent Storage.
[[0;32m  OK  [0m] Started Initial cloud-init job (pre-networking).
[[0;32m  OK  [0m] Found device /dev/ttyS0.
[[0;32m  OK  [0m] Listening on Load/Save RF Kill Switch Status /dev/rfkill Watch.
[[0;32m  OK  [0m] Reached target Network (Pre).
[[0;32m  OK  [0m] Started Dispatch Password Requests to Console Directory Watch.
[[0;32m  OK  [0m] Reached target Local File Systems (Pre).
[[0;32m  OK  [0m] Reached target Local File Systems.
         Starting LSB: AppArmor initialization...
         Starting Set console font and keymap...
         Starting Commit a transient machine-id on disk...
         Starting Tell Plymouth To Write Out Runtime Data...
         Starting Create Volatile Files and Directories...
[[0;32m  OK  [0m] Started Set console font and keymap.
[[0;32m  OK  [0m] Started Commit a transient machine-id on disk.
[[0;32m  OK  [0m] Started Tell Plymouth To Write Out Runtime Data.
[[0;32m  OK  [0m] Started Create Volatile Files and Directories.
         Starting Update UTMP about System Boot/Shutdown...
[[0;32m  OK  [0m] Reached target System Time Synchronized.
[[0;32m  OK  [0m] Created slice system-getty.slice.
[[0;32m  OK  [0m] Started Update UTMP about System Boot/Shutdown.
[[0;32m  OK  [0m] Started LSB: AppArmor initialization.
         Starting Raise network interfaces...
[[0;32m  OK  [0m] Started ifup for enp0s3.
[[0;32m  OK  [0m] Started Raise network interfaces.
[[0;32m  OK  [0m] Reached target Network.
         Starting Initial cloud-init job (metadata service crawler)...
[   31.429115] cloud-init[952]: Cloud-init v. 0.7.9 running 'init' at Fri, 23 Mar 2018 09:39:44 +0000. Up 30.97 seconds.
[   31.537080] cloud-init[952]: ci-info: +++++++++++++++++++++++++++++++++++++Net device info++++++++++++++++++++++++++++++++++++++
[   31.537536] cloud-init[952]: ci-info: +--------+------+----------------------------+---------------+-------+-------------------+
[[0;32m  OK  [0m] Started Initial cloud-init job (metadata service crawler).
[   31.537742] cloud-init[952]: ci-info: | Device |  Up  |          Address           |      Mask     | Scope |     Hw-Address    |
[   31.884292] cloud-init[952]: ci-info: +--------+------+----------------------------+---------------+-------+-------------------+
[   31.884586] cloud-init[952]: ci-info: | enp0s3 | True |         10.0.2.15          | 255.255.255.0 |   .   | 02:d3:33:50:ae:ce |
[[0;32m  OK  [0m] Reached target Cloud-config availability.
[[   31.884745] cloud-init[952]: ci-info: | enp0s3 | True | fe80::d3:33ff:fe50:aece/64 |       .       |  link | 02:d3:33:50:ae:ce |
[   32.077021] cloud-init[952]: ci-info: |   lo   | True |         127.0.0.1          |   255.0.0.0   |   .   |         .         |
[0;32m  OK  [0m] Reached target System Initialization.
[[   32.077112] cloud-init[952]: ci-info: |   lo   | True |          ::1/128           |       .       |  host |         .         |
[   32.232706] cloud-init[952]: ci-info: +--------+------+----------------------------+---------------+-------+-------------------+
[0;32m  OK  [0m] Started Daily Cleanup of Temporary Directories.
[   32.232763] cloud-init[952]: ci-info: +++++++++++++++++++++++++++Route IPv4 info++++++++++++++++++++++++++++
[   32.357068] cloud-init[952]: ci-info: +-------+-------------+----------+---------------+-----------+-------+
[[0;32m  OK  [0m] Listening on D-Bus System Message Bus Socket.
[[   32.357162] cloud-init[952]: ci-info: | Route | Destination | Gateway  |    Genmask    | Interface | Flags |
[   32.552845] cloud-init[952]: ci-info: +-------+-------------+----------+---------------+-----------+-------+
[   32.552992] cloud-init[952]: ci-info: |   0   |   0.0.0.0   | 10.0.2.2 |    0.0.0.0    |   enp0s3  |   UG  |
[0;32m  OK  [0m] Started Timer to automatically fetch and run repair assertions.
[   32.553143] cloud-init[952]: ci-info: |   1   |   10.0.2.0  | 0.0.0.0  | 255.255.255.0 |   enp0s3  |   U   |
[   32.893669] cloud-init[952]: ci-info: +-------+-------------+----------+---------------+-----------+-------+
[   32.893912] cloud-init[952]: Generating public/private rsa key pair.
         Starting Socket activation for snappy daemon.
[[   32.893992] cloud-init[952]: Your identification has been saved in /etc/ssh/ssh_host_rsa_key.
[   32.932063] cloud-init[952]: Your public key has been saved in /etc/ssh/ssh_host_rsa_key.pub.
[0;32m  OK  [0m] Listening on UUID daemon activation socket.
[   32.932099] cloud-init[952]: The key fingerprint is:
[   33.076764] cloud-init[952]: SHA256:9Env7fIUyL7RAJqfQYCm06C5zVpf4WaDjyEjPX6bJEM root@ubuntu-xenial
[[0;32m  OK  [0m] Listening on ACPID Listen Socket.
[[   33.076847] cloud-init[952]: The key's randomart image is:
[   33.217088] cloud-init[952]: +---[RSA 2048]----+
[0;32m  OK  [0m] Started Timer to automatically refresh installed snaps.
[   33.217471] cloud-init[952]: |       ..        |
[   33.376294] cloud-init[952]: |    . o  .       |
[   33.376556] cloud-init[952]: |   o =  . +      |
[[0;32m  OK  [0m] Started ACPI Events Check.
[[   33.376658] cloud-init[952]: |  o o ...* = .   |
[   33.509983] cloud-init[952]: |   =E. oS.+ = .  |
[0;32m  OK  [0m] Reached target Paths.
[   33.510129] cloud-init[952]: |  o.O o *. = + . |
[   33.656553] cloud-init[952]: |   =o=.B .o + +  |
[   33.656901] cloud-init[952]: |  . .++..   .=   |
         Starting LXD - unix socket.
[[   33.657087] cloud-init[952]: |     .o.    .oo  |
[   33.769333] cloud-init[952]: +----[SHA256]-----+
[0;32m  OK  [0m] Reached target Network is Online.
[   33.769490] cloud-init[952]: Generating public/private dsa key pair.
[   33.940587] cloud-init[952]: Your identification has been saved in /etc/ssh/ssh_host_dsa_key.
[   33.941101] cloud-init[952]: Your public key has been saved in /etc/ssh/ssh_host_dsa_key.pub.
         Starting iSCSI initiator daemon (iscsid)...
[[   33.941358] cloud-init[952]: The key fingerprint is:
[   34.112811] cloud-init[952]: SHA256:97q2kcq1giomTIWwLGFsOK1dxy/a/tYanTHhPTqRdio root@ubuntu-xenial
[0;32m  OK  [0m] Started Daily apt download activities.
[[   34.112899] cloud-init[952]: The key's randomart image is:
[   34.285679] cloud-init[952]: +---[DSA 1024]----+
[0;32m  OK  [0m] Started Daily apt upgrade and clean activities.
[[   34.285777] cloud-init[952]: |o.   .           |
[   34.404775] cloud-init[952]: |=+. . o          |
[0;32m  OK  [0m] Reached target Timers.
[   34.404866] cloud-init[952]: |=*.. . .  .      |
[   34.532306] cloud-init[952]: |+o..  . .. +     |
[   34.532589] cloud-init[952]: |. .  o .S O +    |
[[0;32m  OK  [0m] Listening on Socket activation for snappy daemon.
[[   34.532763] cloud-init[952]: | .  . .  + @ .   |
[   34.575802] cloud-init[952]: |o    . .E.X .    |
[0;32m  OK  [0m] Listening on LXD - unix socket.
[   34.575862] cloud-init[952]: |..o   o.o=o=     |
[   34.696292] cloud-init[952]: | o ... o=+=o     |
[   34.696527] cloud-init[952]: +----[SHA256]-----+
[[0;32m  OK  [0m] Started iSCSI initiator daemon (iscsid).
[   34.696692] cloud-init[952]: Generating public/private ecdsa key pair.
[   34.832503] cloud-init[952]: Your identification has been saved in /etc/ssh/ssh_host_ecdsa_key.
[   34.832836] cloud-init[952]: Your public key has been saved in /etc/ssh/ssh_host_ecdsa_key.pub.
         Starting Login to default iSCSI targets...
[[   34.833017] cloud-init[952]: The key fingerprint is:
[   34.907623] cloud-init[952]: SHA256:tl+a/tDRWrFAcYbDw6E5RWRxvcoJEZt5OfrCBRNToE0 root@ubuntu-xenial
[   34.907686] cloud-init[952]: The key's randomart image is:
[   34.907793] cloud-init[952]: +---[ECDSA 256]---+
[   34.907902] cloud-init[952]: |           E&*+. |
[   34.908065] cloud-init[952]: |          +B%+. .|
[0;32m  OK  [0m[   34.908192] ] cloud-initReached target Sockets.[952]: 
|         .+Bo*. .|
[[   34.908223] cloud-init[952]: |           o=o.+ |
[   35.168873] cloud-init[952]: |        S  .+.*  |
[0;32m  OK  [0m] Reached target Basic System.
[   35.169015] cloud-init[952]: |       . ...oB   |
[   35.268405] cloud-init[952]: |        . .o+.   |
[   35.268630] cloud-init[952]: |         . =.    |
[[0;32m  OK  [0m] Started Regular background program processing daemon.
[   35.268767] cloud-init[952]: |         .=..    |
[   35.400254] cloud-init[952]: +----[SHA256]-----+
[   35.400535] cloud-init[952]: Generating public/private ed25519 key pair.
         Starting LXD - container startup/shutdown...
[   35.400695] cloud-init[952]: Your identification has been saved in /etc/ssh/ssh_host_ed25519_key.
[   35.560284] cloud-init[952]: Your public key has been saved in /etc/ssh/ssh_host_ed25519_key.pub.
[   35.560608] cloud-init[952]: The key fingerprint is:
         Starting Login Service...
[   35.560739] cloud-init[952]: SHA256:YPkHl4ZWvqnvlN8XU6PbHpTZgjiL+WwbIpGIZA2i90M root@ubuntu-xenial
[   35.720368] cloud-init[952]: The key's randomart image is:
[   35.720695] cloud-init[952]: +--[ED25519 256]--+
         Starting Apply the settings specified in cloud-config...
[[   35.720814] cloud-init[952]: |. .       .      |
[   35.765450] cloud-init[952]: |.. o   . + .     |
[0;32m  OK  [0m] Started Unattended Upgrades Shutdown.
[   35.765594] cloud-init[952]: |. + E + + =      |
         Starting LSB: MD monitoring daemon...
[   35.890020] cloud-init[952]: | + + o = + + . .=|
[   35.933396] cloud-init[952]: |  . + o S * . o++|
[   35.934403] cloud-init[952]: |     . . = + ..+ |
[   35.935378] cloud-init[952]: |      . = =   o.o|
         Starting System Logging Service...
[   35.958935] cloud-init[952]: |       . *.o o .o|
         Starting Pollinate to seed the pseudo random number generator...
[   36.028692] cloud-init[952]: |         o*.. oo |
[   36.136437] [cloud-init[0;32m  OK  [0m[952]: ] +----[SHA256]-----+Started D-Bus System Message Bus.

[   36.138180] cloud-init[1061]: Generating locales (this might take a while)...
[[0;32m  OK  [0m] Started FUSE filesystem for LXC.
         Starting Accounts Service...
[[0;32m  OK  [0m] Started ACPI event daemon.
         Starting LSB: Record successful boot for GRUB...
[[0;32m  OK  [0m] Started Deferred execution scheduler.
         Starting /etc/rc.local Compatibility...
         Starting Snappy daemon...
[[0;32m  OK  [0m] Started System Logging Service.
[[0;32m  OK  [0m] Started Snappy daemon.
[[0;32m  OK  [0m] Started LXD - container startup/shutdown.
[[0;32m  OK  [0m] Started /etc/rc.local Compatibility.
[[0;32m  OK  [0m] Started LSB: MD monitoring daemon.
[[0;32m  OK  [0m] Started Pollinate to seed the pseudo random number generator.
[[0;32m  OK  [0m] Started Login to default iSCSI targets.
[   36.769723] cloud-init[1061]:   en_US.UTF-8... done
[   36.786094] cloud-init[1061]: Generation complete.
[[0;32m  OK  [0m] Started LSB: Record successful boot for GRUB.
[[0;32m  OK  [0m] Started Login Service.
         Starting Authenticate and Authorize Users to Run Privileged Tasks...
[[0;32m  OK  [0m] Reached target Remote File Systems (Pre).
[[0;32m  OK  [0m] Reached target Remote File Systems.
         Starting LSB: automatic crash report generation...
         Starting Permit User Sessions...
         Starting LSB: Set the CPU Frequency Scaling governor to "ondemand"...
         Starting LSB: VirtualBox Linux Additions...
         Starting LSB: daemon to balance interrupts for SMP systems...
         Starting OpenBSD Secure Shell server...
         Starting Auto import assertions from block devices...
[[0;32m  OK  [0m] Started OpenBSD Secure Shell server.
[[0;32m  OK  [0m] Started Permit User Sessions.
[[0;32m  OK  [0m] Started Auto import assertions from block devices.
[[0;32m  OK  [0m] Started Authenticate and Authorize Users to Run Privileged Tasks.
[[0;32m  OK  [0m] Started Accounts Service.
[[0;32m  OK  [0m] Started LSB: Set the CPU Frequency Scaling governor to "ondemand".
[[0;32m  OK  [0m] Started LSB: automatic crash report generation.
[[0;32m  OK  [0m] Started LSB: VirtualBox Linux Additions.
         Stopping OpenBSD Secure Shell server...
[[0;32m  OK  [0m] Created slice User Slice of ubuntu.
         Starting User Manager for UID 1000...
[[0;32m  OK  [0m] Started Session 1 of user ubuntu.
         Starting Terminate Plymouth Boot Screen...
         Starting Hold until boot process finishes up...
[[0;32m  OK  [0m] Started User Manager for UID 1000.
[[0;32m  OK  [0m] Started LSB: daemon to balance interrupts for SMP systems.
[[0;32m  OK  [0m] Stopped OpenBSD Secure Shell server.
[[0;32m  OK  [0m] Started Terminate Plymouth Boot Screen.
[[0;32m  OK  [0m] Started Hold until boot process finishes up.
[[0;32m  OK  [0m] Started Serial Getty on ttyS0.
[[0;32m  OK  [0m] Started Getty on tty1.
[[0;32m  OK  [0m] Reached target Login Prompts.
         Starting Set console scheme...
         Starting OpenBSD Secure Shell server...
[[0;32m  OK  [0m] Started OpenBSD Secure Shell server.
[[0;32m  OK  [0m] Started Set console scheme.
[[0;32m  OK  [0m] Reached target Multi-User System.
[[0;32m  OK  [0m] Reached target Graphical Interface.
         Starting Update UTMP about System Runlevel Changes...
[[0;32m  OK  [0m] Started Update UTMP about System Runlevel Changes.
[   38.513096] cloud-init[1061]: Cloud-init v. 0.7.9 running 'modules:config' at Fri, 23 Mar 2018 09:39:49 +0000. Up 35.90 seconds.
[[0;32m  OK  [0m] Started Apply the settings specified in cloud-config.
         Starting Execute cloud user/final scripts...
ci-info: no authorized ssh keys fingerprints found for user ubuntu.
<14>Mar 23 09:39:52 ec2: 
<14>Mar 23 09:39:52 ec2: #############################################################
<14>Mar 23 09:39:52 ec2: -----BEGIN SSH HOST KEY FINGERPRINTS-----
<14>Mar 23 09:39:52 ec2: 1024 SHA256:97q2kcq1giomTIWwLGFsOK1dxy/a/tYanTHhPTqRdio root@ubuntu-xenial (DSA)
<14>Mar 23 09:39:52 ec2: 256 SHA256:tl+a/tDRWrFAcYbDw6E5RWRxvcoJEZt5OfrCBRNToE0 root@ubuntu-xenial (ECDSA)
<14>Mar 23 09:39:52 ec2: 256 SHA256:YPkHl4ZWvqnvlN8XU6PbHpTZgjiL+WwbIpGIZA2i90M root@ubuntu-xenial (ED25519)
<14>Mar 23 09:39:52 ec2: 2048 SHA256:9Env7fIUyL7RAJqfQYCm06C5zVpf4WaDjyEjPX6bJEM root@ubuntu-xenial (RSA)
<14>Mar 23 09:39:52 ec2: -----END SSH HOST KEY FINGERPRINTS-----
<14>Mar 23 09:39:52 ec2: #############################################################
-----BEGIN SSH HOST KEY KEYS-----
ecdsa-sha2-nistp256 AAAAE2VjZHNhLXNoYTItbmlzdHAyNTYAAAAIbmlzdHAyNTYAAABBBF58+arT+8SeFqiQ2Cnmyf6sfjZFkpF0/7DY2Fc3rFcNsuOjibYOjCZaXoyfv3xiteVgKq3fwxqbFaEXmlBjc9g= root@ubuntu-xenial
ssh-ed25519 AAAAC3NzaC1lZDI1NTE5AAAAILJZX1bAOBk4cRanF4C2n/tbGAdB3GMw11s4Uk0iU977 root@ubuntu-xenial
ssh-rsa AAAAB3NzaC1yc2EAAAADAQABAAABAQCW+QjXk9A5JEeeC+dcNof/pISe51gjhVqbcIer2Vs4eYL5zCJPaiEuZHBKwFNg1P2cDyJC0iVYh00JpTIf21yXRYBtH+kgu7vIP0zd8c6FKP33/W+75e3jAQxWUTF2P4Z84W1zOZ3C/oLgVC2DrA6VeRmVjbEQDvgHRUJ49HrohBOBtttMUkvHILKaDyv9EsLal+mZGzoVcXBYqAHEeWmkSiPTDwfsxcfLhxd2Z2DblFfBx7HPjRblOAiIsJsdXbgbda6KU/VuD/zeU2UaTBZ+ebG6fnJ2/7b3PT/cSrx8BBku3wRiKT9vp6QxgQKG1UNMVmtjYLdXmtIjwqHfVK6B root@ubuntu-xenial
-----END SSH HOST KEY KEYS-----
         Stopping User Manager for UID 1000...
[   40.047120] [cloud-init[0;32m  OK  [0m[1382]: ] Cloud-init v. 0.7.9 running 'modules:final' at Fri, 23 Mar 2018 09:39:52 +0000. Up 39.02 seconds.Stopped User Manager for UID 1000.

[[0;32m  OK  [0m] Removed slice User Slice of ubuntu.
[   40.197005] cloud-init[1382]: ci-info: no authorized ssh keys fingerprints found for user ubuntu.
[   40.269030] [cloud-init[0;32m  OK  [0m[1382]: ] Cloud-init v. 0.7.9 finished at Fri, 23 Mar 2018 09:39:53 +0000. Datasource DataSourceNoCloud [seed=/dev/sdb][dsmode=net].  Up 40.04 secondsStarted Execute cloud user/final scripts.

[[0;32m  OK  [0m] Created slice User Slice of ubuntu.
[[0;32m  OK  [0m] Reached target Cloud-init target.

Ubuntu 16.04.3 LTS ubuntu-xenial ttyS0

ubuntu-xenial login: [[0;32m  [         Stopping Serial Getty on ttyS0...
         Stopping OpenBSD Secure Shell server...
         Stopping FUSE filesystem for LXC...
         Stopping Regular background program processing daemon...
         Stopping LSB: automatic crash report generation...
         Stopping LSB: VirtualBox Linux Additions...
         Stopping System Logging Service...
         Stopping LSB: MD monitoring daemon...
         Stopping LSB: Record successful boot for GRUB...
         Stopping Deferred execution scheduler...
         Stopping LXD - container startup/shutdown...
         Stopping Unattended Upgrades Shutdown...
         Stopping LSB: Set up cgroupfs mounts....
         Stopping D-Bus System Message Bus...
         Stopping Snappy daemon...
         Stopping LSB: daemon to balance interrupts for SMP systems...
         Stopping LSB: Set the CPU Frequency Scaling governor to "ondemand"...
[[0;32m  OK  [0m] Stopped Apply the settings specified in cloud-config.
[[0;32m  OK  [0m] Stopped target Cloud-config availability.
         Stopping Docker Application Container Engine...
[[0;32m  OK  [0m] Unmounted /var/lib/docker/aufs.
[[0;32m  OK  [0m] Unmounted /var/lib/lxcfs.
[[0;32m  OK  [0m] Stopped Regular background program processing daemon.
[[0;32m  OK  [0m] Stopped System Logging Service.
[[0;32m  OK  [0m] Stopped Accounts Service.
[[0;32m  OK  [0m] Stopped ACPI event daemon.
[[0;32m  OK  [0m] Stopped Deferred execution scheduler.
[[0;32m  OK  [0m] Stopped Snappy daemon.
[[0;32m  OK  [0m] Stopped Authenticate and Authorize Users to Run Privileged Tasks.
[[0;32m  OK  [0m] Stopped Serial Getty on ttyS0.
[[0;32m  OK  [0m] Stopped Getty on tty1.
[[0;32m  OK  [0m] Stopped OpenBSD Secure Shell server.
[[0;32m  OK  [0m] Stopped User Manager for UID 1000.
[[0;32m  OK  [0m] Stopped Session 5 of user ubuntu.
[[0;32m  OK  [0m] Stopped Unattended Upgrades Shutdown.
[[0;32m  OK  [0m] Stopped LSB: Set up cgroupfs mounts..
[[0;32m  OK  [0m] Stopped D-Bus System Message Bus.
[[0;32m  OK  [0m] Stopped FUSE filesystem for LXC.
[[0;32m  OK  [0m] Stopped LSB: automatic crash report generation.
[[0;32m  OK  [0m] Stopped LSB: MD monitoring daemon.
[[0;32m  OK  [0m] Stopped LSB: VirtualBox Linux Additions.
[[0;32m  OK  [0m] Stopped Docker Application Container Engine.
[[0;32m  OK  [0m] Stopped LSB: Record successful boot for GRUB.
[[0;32m  OK  [0m] Stopped LXD - container startup/shutdown.
[[0;32m  OK  [0m] Stopped LSB: Set the CPU Frequency Scaling governor to "ondemand".
[[0;32m  OK  [0m] Stopped LSB: daemon to balance interrupts for SMP systems.
[[0;32m  OK  [0m] Removed slice User Slice of ubuntu.
         Stopping Login Service...
[[0;32m  OK  [0m] Removed slice system-getty.slice.
         Stopping Permit User Sessions...
[[0;32m  OK  [0m] Stopped /etc/rc.local Compatibility.
[[0;32m  OK  [0m] Removed slice system-serial\x2dgetty.slice.
[[0;32m  OK  [0m] Stopped Login Service.
[[0;32m  OK  [0m] Stopped Permit User Sessions.
[[0;32m  OK  [0m] Stopped target Remote File Systems.
[[0;32m  OK  [0m] Stopped target Remote File Systems (Pre).
         Stopping Login to default iSCSI targets...
[[0;32m  OK  [0m] Stopped target User and Group Name Lookups.
[[0;32m  OK  [0m] Stopped target Basic System.
[[0;32m  OK  [0m] Stopped target Sockets.
[[0;32m  OK  [0m] Closed Syslog Socket.
[[0;32m  OK  [0m] Closed D-Bus System Message Bus Socket.
[[0;32m  OK  [0m] Closed Docker Socket for the API.
[[0;32m  OK  [0m] Closed Socket activation for snappy daemon.
[[0;32m  OK  [0m] Closed ACPID Listen Socket.
[[0;32m  OK  [0m] Closed UUID daemon activation socket.
[[0;32m  OK  [0m] Closed LXD - unix socket.
[[0;32m  OK  [0m] Stopped target Slices.
[[0;32m  OK  [0m] Removed slice User and Session Slice.
[[0;32m  OK  [0m] Stopped target Paths.
[[0;32m  OK  [0m] Stopped Dispatch Password Requests to Console Directory Watch.
[[0;32m  OK  [0m] Stopped Forward Password Requests to Wall Directory Watch.
[[0;32m  OK  [0m] Stopped ACPI Events Check.
[[0;32m  OK  [0m] Stopped target System Initialization.
[[0;32m  OK  [0m] Stopped Commit a transient machine-id on disk.
         Stopping Load/Save Random Seed...
[[0;32m  OK  [0m] Stopped target Swap.
         Stopping Update UTMP about System Boot/Shutdown...
[[0;32m  OK  [0m] Stopped target Encrypted Volumes.
[[0;32m  OK  [0m] Stopped Load/Save Random Seed.
[[0;32m  OK  [0m] Stopped Login to default iSCSI targets.
[[0;32m  OK  [0m] Stopped Update UTMP about System Boot/Shutdown.
[[0;32m  OK  [0m] Stopped Create Volatile Files and Directories.
         Stopping iSCSI initiator daemon (iscsid)...
[[0;32m  OK  [0m] Stopped iSCSI initiator daemon (iscsid).
[[0;32m  OK  [0m] Stopped target Network is Online.
[[0;32m  OK  [0m] Stopped Initial cloud-init job (metadata service crawler).
[[0;32m  OK  [0m] Stopped target Network.
         Stopping Raise network interfaces...
[[0;32m  OK  [0m] Stopped Raise network interfaces.
[[0;32m  OK  [0m] Stopped target Local File Systems.
         Unmounting /vagrant...
         Unmounting /run/user/1000...
[[0;32m  OK  [0m] Stopped Apply Kernel Variables.
[[0;32m  OK  [0m] Stopped target Network (Pre).
[[0;32m  OK  [0m] Stopped Initial cloud-init job (pre-networking).
[[0;32m  OK  [0m] Stopped Load Kernel Modules.
[[0;32m  OK  [0m] Unmounted /vagrant.
[[0;32m  OK  [0m] Unmounted /run/user/1000.
[[0;32m  OK  [0m] Reached target Unmount All Filesystems.
[[0;32m  OK  [0m] Stopped target Local File Systems (Pre).
         Stopping Monitoring of LVM2 mirrors... dmeventd or progress polling...
[[0;32m  OK  [0m] Stopped Create Static Device Nodes in /dev.
[[0;32m  OK  [0m] Stopped Remount Root and Kernel File Systems.
[[0;32m  OK  [0m] Reached target Shutdown.
[ 2232.875207] reboot: Power down
